26/04 16:26:11  INFO com.intellij.internal.statistic.uploader - Process started with '--ide-token /home/anonim/IdeaProjects/AOP/.intellijPlatform/sandbox/AOP/IC-2024.3/system/token --recorders FUS;MP;IJ_MAP;ML --device-fus 24042635f6e2e00-6efa-412d-8f85-49ef4fdcdc8b --bucket-fus 86 --machine-fus b6aa7f0172ee6b2a4e2590232a5890300a6d2080a6a0663d00c90db9830f96f7 --id-revision-fus 0 --files-fus /home/anonim/IdeaProjects/AOP/.intellijPlatform/sandbox/AOP/IC-2024.3/system/event-log-data/logs/FUS/117c-4a5f-a08b-7d7eb8f03fbd-243.21565.193-release.log --escape-fus false --device-mp 2404263ed63b261-f244-421e-9f93-4d99a2cf165d --bucket-mp 167 --machine-mp afa12fed07d5fdb7a3275af4452e5faa96b056f890da06aff25faa87f9b0d039 --id-revision-mp 0 --files-mp /home/anonim/IdeaProjects/AOP/.intellijPlatform/sandbox/AOP/IC-2024.3/system/event-log-data/logs/MP/25de-4699-b884-712fc3b2f95b-243.21565.193-release.log --escape-mp false --device-ij_map 24042635f6e2e00-6efa-412d-8f85-49ef4fdcdc8b --bucket-ij_map 86 --machine-ij_map b6aa7f0172ee6b2a4e2590232a5890300a6d2080a6a0663d00c90db9830f96f7 --id-revision-ij_map 0 --files-ij_map  --escape-ij_map false --device-ml 24042635f6e2e00-6efa-412d-8f85-49ef4fdcdc8b --bucket-ml 86 --machine-ml b6aa7f0172ee6b2a4e2590232a5890300a6d2080a6a0663d00c90db9830f96f7 --id-revision-ml 0 --files-ml  --escape-ml false --url https://resources.jetbrains.com/storage/fus/config/v4/%s/%s.json --product IC --product-version 2024.3 --baseline-version 243 --user-agent IntelliJ IDEA/243.21565.193 --extra-headers '
26/04 16:26:11  INFO com.intellij.internal.statistic.uploader - Classpath:/tmp/cursor-sandbox-cache/a77802bcdf15ce75138c41b9e0691fb5/gradle/caches/9.3.0/transforms/d98a087e034dc7b3966881e048c23ca3/transformed/ideaIC-2024.3/lib/util-8.jar:/tmp/cursor-sandbox-cache/a77802bcdf15ce75138c41b9e0691fb5/gradle/caches/9.3.0/transforms/d98a087e034dc7b3966881e048c23ca3/transformed/ideaIC-2024.3/lib/annotations.jar:/tmp/cursor-sandbox-cache/a77802bcdf15ce75138c41b9e0691fb5/gradle/caches/9.3.0/transforms/d98a087e034dc7b3966881e048c23ca3/transformed/ideaIC-2024.3/lib/lib-client.jar:/tmp/cursor-sandbox-cache/a77802bcdf15ce75138c41b9e0691fb5/gradle/caches/9.3.0/transforms/d98a087e034dc7b3966881e048c23ca3/transformed/ideaIC-2024.3/lib/stats.jar
26/04 16:26:11  INFO com.intellij.internal.statistic.uploader.events - 1777213571175 STARTED ALL
26/04 16:26:11  INFO com.intellij.internal.statistic.uploader - IDE token file: /home/anonim/IdeaProjects/AOP/.intellijPlatform/sandbox/AOP/IC-2024.3/system/token
26/04 16:26:11  INFO com.intellij.internal.statistic.uploader - [FUS] Start uploading...
26/04 16:26:11  INFO com.intellij.internal.statistic.uploader - [MP] Start uploading...
26/04 16:26:11  INFO com.intellij.internal.statistic.uploader - [ML] Start uploading...
26/04 16:26:11  INFO com.intellij.internal.statistic.uploader - [IJ_MAP] Start uploading...
26/04 16:26:11  INFO com.intellij.internal.statistic.uploader - [ML] {product:IC, productVersion:2024.3, userAgent:IntelliJ IDEA/243.21565.193(External), url: https://resources.jetbrains.com/storage/fus/config/v4/%s/%s.json, internal:false, isTestConfig:false, isTestSendEndpoint:false}
26/04 16:26:11  INFO com.intellij.internal.statistic.uploader - [FUS] {product:IC, productVersion:2024.3, userAgent:IntelliJ IDEA/243.21565.193(External), url: https://resources.jetbrains.com/storage/fus/config/v4/%s/%s.json, internal:false, isTestConfig:false, isTestSendEndpoint:false}
26/04 16:26:11  INFO com.intellij.internal.statistic.uploader - [MP] {product:IC, productVersion:2024.3, userAgent:IntelliJ IDEA/243.21565.193(External), url: https://resources.jetbrains.com/storage/fus/config/v4/%s/%s.json, internal:false, isTestConfig:false, isTestSendEndpoint:false}
26/04 16:26:11  INFO com.intellij.internal.statistic.uploader - [IJ_MAP] {product:IC, productVersion:2024.3, userAgent:IntelliJ IDEA/243.21565.193(External), url: https://resources.jetbrains.com/storage/fus/config/v4/%s/%s.json, internal:false, isTestConfig:false, isTestSendEndpoint:false}
26/04 16:26:11  INFO com.intellij.internal.statistic.uploader - [ML] {recorder:ML, files:}
26/04 16:26:11  INFO com.intellij.internal.statistic.uploader - [FUS] {recorder:FUS, files:/home/anonim/IdeaProjects/AOP/.intellijPlatform/sandbox/AOP/IC-2024.3/system/event-log-data/logs/FUS/117c-4a5f-a08b-7d7eb8f03fbd-243.21565.193-release.log}
26/04 16:26:11  INFO com.intellij.internal.statistic.uploader - [IJ_MAP] {recorder:IJ_MAP, files:}
26/04 16:26:11  INFO com.intellij.internal.statistic.uploader - [MP] {recorder:MP, files:/home/anonim/IdeaProjects/AOP/.intellijPlatform/sandbox/AOP/IC-2024.3/system/event-log-data/logs/MP/25de-4699-b884-712fc3b2f95b-243.21565.193-release.log}
26/04 16:26:11  INFO com.intellij.internal.statistic.uploader - [FUS] {device:24042635f6e2e00-6efa-412d-8f85-49ef4fdcdc8b, bucket:86}
26/04 16:26:11  INFO com.intellij.internal.statistic.uploader - [IJ_MAP] {device:24042635f6e2e00-6efa-412d-8f85-49ef4fdcdc8b, bucket:86}
26/04 16:26:11  INFO com.intellij.internal.statistic.uploader - [MP] {device:2404263ed63b261-f244-421e-9f93-4d99a2cf165d, bucket:167}
26/04 16:26:11  INFO com.intellij.internal.statistic.uploader - [ML] {device:24042635f6e2e00-6efa-412d-8f85-49ef4fdcdc8b, bucket:86}
26/04 16:26:11  INFO com.intellij.internal.statistic.uploader.events - 1777213571209 FINISHED IJ_MAP NOTHING_TO_SEND
26/04 16:26:11  INFO com.intellij.internal.statistic.uploader.events - 1777213571209 FINISHED ML NOTHING_TO_SEND
26/04 16:26:11 FINER com.intellij.internal.statistic.uploader - [IJ_MAP] Uploading finished with NOTHING_TO_SEND
26/04 16:26:11 FINER com.intellij.internal.statistic.uploader - [ML] Uploading finished with NOTHING_TO_SEND
26/04 16:26:11 FINER com.intellij.internal.statistic.uploader - [IJ_MAP] No files to send
26/04 16:26:11 FINER com.intellij.internal.statistic.uploader - [ML] No files to send
26/04 16:26:12 FINER com.intellij.internal.statistic.uploader - 25de-4699-b884-712fc3b2f95b-243.21565.193-release.log -> ""
26/04 16:26:12 FINER com.intellij.internal.statistic.uploader - Removed sent log: 25de-4699-b884-712fc3b2f95b-243.21565.193-release.log
26/04 16:26:12  INFO com.intellij.internal.statistic.uploader.events - 1777213572068 SEND MP 1 0 1 [L2hvbWUvYW5vbmltL0lkZWFQcm9qZWN0cy9BT1AvLmludGVsbGlqUGxhdGZvcm0vc2FuZGJveC9BT1AvSUMtMjAyNC4zL3N5c3RlbS9ldmVudC1sb2ctZGF0YS9sb2dzL01QLzI1ZGUtNDY5OS1iODg0LTcxMmZjM2IyZjk1Yi0yNDMuMjE1NjUuMTkzLXJlbGVhc2UubG9n] []
26/04 16:26:12  INFO com.intellij.internal.statistic.uploader.events - 1777213572070 FINISHED MP
26/04 16:26:12 FINER com.intellij.internal.statistic.uploader - [MP] Uploading finished with SEND
26/04 16:26:12 FINER com.intellij.internal.statistic.uploader - [MP] Uploaded 1 files.
26/04 16:26:12 FINER com.intellij.internal.statistic.uploader - 117c-4a5f-a08b-7d7eb8f03fbd-243.21565.193-release.log -> ""
26/04 16:26:12 FINER com.intellij.internal.statistic.uploader - Removed sent log: 117c-4a5f-a08b-7d7eb8f03fbd-243.21565.193-release.log
26/04 16:26:12  INFO com.intellij.internal.statistic.uploader.events - 1777213572101 SEND FUS 1 0 1 [L2hvbWUvYW5vbmltL0lkZWFQcm9qZWN0cy9BT1AvLmludGVsbGlqUGxhdGZvcm0vc2FuZGJveC9BT1AvSUMtMjAyNC4zL3N5c3RlbS9ldmVudC1sb2ctZGF0YS9sb2dzL0ZVUy8xMTdjLTRhNWYtYTA4Yi03ZDdlYjhmMDNmYmQtMjQzLjIxNTY1LjE5My1yZWxlYXNlLmxvZw==] []
26/04 16:26:12  INFO com.intellij.internal.statistic.uploader.events - 1777213572101 FINISHED FUS
26/04 16:26:12 FINER com.intellij.internal.statistic.uploader - [FUS] Uploading finished with SEND
26/04 16:26:12 FINER com.intellij.internal.statistic.uploader - [FUS] Uploaded 1 files.
